<?xml version="1.0" encoding="UTF-8"?>
<coverage generated="1674804364974" clover="3.2.0">
  <project timestamp="1674804364975" name="All files">
    <metrics statements="19" coveredstatements="18" conditionals="4" coveredconditionals="2" methods="5" coveredmethods="5" elements="28" coveredelements="25" complexity="0" loc="19" ncloc="19" packages="5" files="7" classes="7"/>
    <package name="jest-app">
      <metrics statements="2" coveredstatements="2" conditionals="0" coveredconditionals="0" methods="1" coveredmethods="1"/>
      <file name="App.js" path="C:\Users\soumyadeep.das\jest-app\App.js">
        <metrics statements="2" coveredstatements="2" conditionals="0" coveredconditionals="0" methods="1" coveredmethods="1"/>
        <line num="5" count="1" type="stmt"/>
        <line num="13" count="1" type="stmt"/>
      </file>
    </package>
    <package name="jest-app.src.action">
      <metrics statements="9" coveredstatements="9" conditionals="0" coveredconditionals="0" methods="2" coveredmethods="2"/>
      <file name="CalculatorActions.js" path="C:\Users\soumyadeep.das\jest-app\src\action\CalculatorActions.js">
        <metrics statements="6" coveredstatements="6" conditionals="0" coveredconditionals="0" methods="2" coveredmethods="2"/>
        <line num="4" count="1" type="stmt"/>
        <line num="8" count="1" type="stmt"/>
        <line num="9" count="1" type="stmt"/>
        <line num="15" count="1" type="stmt"/>
        <line num="16" count="1" type="stmt"/>
        <line num="17" count="1" type="stmt"/>
      </file>
      <file name="Types.js" path="C:\Users\soumyadeep.das\jest-app\src\action\Types.js">
        <metrics statements="3" coveredstatements="3" conditionals="0" coveredconditionals="0" methods="0" coveredmethods="0"/>
        <line num="1" count="2" type="stmt"/>
        <line num="2" count="2" type="stmt"/>
        <line num="3" count="2" type="stmt"/>
      </file>
    </package>
    <package name="jest-app.src.component">
      <metrics statements="2" coveredstatements="2" conditionals="0" coveredconditionals="0" methods="1" coveredmethods="1"/>
      <file name="Demo.js" path="C:\Users\soumyadeep.das\jest-app\src\component\Demo.js">
        <metrics statements="2" coveredstatements="2" conditionals="0" coveredconditionals="0" methods="1" coveredmethods="1"/>
        <line num="12" count="1" type="stmt"/>
        <line num="25" count="1" type="stmt"/>
      </file>
      <file name="button.js" path="C:\Users\soumyadeep.das\jest-app\src\component\button.js">
        <metrics statements="0" coveredstatements="0" conditionals="0" coveredconditionals="0" methods="0" coveredmethods="0"/>
      </file>
    </package>
    <package name="jest-app.src.reducer">
      <metrics statements="6" coveredstatements="5" conditionals="4" coveredconditionals="2" methods="1" coveredmethods="1"/>
      <file name="CalculatorReducer.js" path="C:\Users\soumyadeep.das\jest-app\src\reducer\CalculatorReducer.js">
        <metrics statements="6" coveredstatements="5" conditionals="4" coveredconditionals="2" methods="1" coveredmethods="1"/>
        <line num="3" count="1" type="stmt"/>
        <line num="4" count="1" type="cond" truecount="0" falsecount="1"/>
        <line num="5" count="2" type="cond" truecount="2" falsecount="1"/>
        <line num="7" count="1" type="stmt"/>
        <line num="9" count="1" type="stmt"/>
        <line num="10" count="0" type="stmt"/>
      </file>
    </package>
    <package name="jest-app.src.screens">
      <metrics statements="0" coveredstatements="0" conditionals="0" coveredconditionals="0" methods="0" coveredmethods="0"/>
      <file name="home.js" path="C:\Users\soumyadeep.das\jest-app\src\screens\home.js">
        <metrics statements="0" coveredstatements="0" conditionals="0" coveredconditionals="0" methods="0" coveredmethods="0"/>
      </file>
    </package>
  </project>
</coverage>
