{"C:\\Users\\soumyadeep.das\\jest-app\\App.js": {"path":"C:\\Users\\soumyadeep.das\\jest-app\\App.js","statementMap":{"0":{"start":{"line":5,"column":2},"end":{"line":10,"column":4}},"1":{"start":{"line":13,"column":15},"end":{"line":20,"column":2}}},"fnMap":{"0":{"name":"App","decl":{"start":{"line":4,"column":24},"end":{"line":4,"column":27}},"loc":{"start":{"line":4,"column":30},"end":{"line":11,"column":1}},"line":4}},"branchMap":{},"s":{"0":1,"1":1},"f":{"0":1},"b":{},"_coverageSchema":"1a1c01bbd47fc00a2c39e90264f33305004495a9","hash":"5319b4e6c26deae71003a63fec3daef77c6ddfdd"}
,"C:\\Users\\soumyadeep.das\\jest-app\\src\\action\\CalculatorActions.js": {"path":"C:\\Users\\soumyadeep.das\\jest-app\\src\\action\\CalculatorActions.js","statementMap":{"0":{"start":{"line":4,"column":25},"end":{"line":14,"column":1}},"1":{"start":{"line":8,"column":15},"end":{"line":8,"column":30}},"2":{"start":{"line":9,"column":4},"end":{"line":13,"column":5}},"3":{"start":{"line":15,"column":30},"end":{"line":22,"column":1}},"4":{"start":{"line":16,"column":15},"end":{"line":16,"column":28}},"5":{"start":{"line":17,"column":4},"end":{"line":21,"column":5}}},"fnMap":{"0":{"name":"(anonymous_0)","decl":{"start":{"line":4,"column":25},"end":{"line":4,"column":26}},"loc":{"start":{"line":4,"column":44},"end":{"line":14,"column":1}},"line":4},"1":{"name":"(anonymous_1)","decl":{"start":{"line":15,"column":30},"end":{"line":15,"column":31}},"loc":{"start":{"line":15,"column":49},"end":{"line":22,"column":1}},"line":15}},"branchMap":{},"s":{"0":1,"1":1,"2":1,"3":1,"4":1,"5":1},"f":{"0":1,"1":1},"b":{},"_coverageSchema":"1a1c01bbd47fc00a2c39e90264f33305004495a9","hash":"bec07889600edcdff4324f8fe3b24ab284996214"}
,"C:\\Users\\soumyadeep.das\\jest-app\\src\\action\\Types.js": {"path":"C:\\Users\\soumyadeep.das\\jest-app\\src\\action\\Types.js","statementMap":{"0":{"start":{"line":1,"column":21},"end":{"line":1,"column":28}},"1":{"start":{"line":2,"column":26},"end":{"line":2,"column":38}},"2":{"start":{"line":3,"column":31},"end":{"line":3,"column":48}}},"fnMap":{},"branchMap":{},"s":{"0":2,"1":2,"2":2},"f":{},"b":{},"_coverageSchema":"1a1c01bbd47fc00a2c39e90264f33305004495a9","hash":"fd054bab8eaa155c6eefca91f7be4cc054ddc533"}
,"C:\\Users\\soumyadeep.das\\jest-app\\src\\component\\Demo.js": {"path":"C:\\Users\\soumyadeep.das\\jest-app\\src\\component\\Demo.js","statementMap":{"0":{"start":{"line":12,"column":4},"end":{"line":21,"column":6}},"1":{"start":{"line":25,"column":15},"end":{"line":42,"column":4}}},"fnMap":{"0":{"name":"(anonymous_0)","decl":{"start":{"line":11,"column":2},"end":{"line":11,"column":3}},"loc":{"start":{"line":11,"column":11},"end":{"line":22,"column":3}},"line":11}},"branchMap":{},"s":{"0":1,"1":1},"f":{"0":1},"b":{},"_coverageSchema":"1a1c01bbd47fc00a2c39e90264f33305004495a9","hash":"c62af3212c899cdafdcd660c1471d06cdd720f2d"}
,"C:\\Users\\soumyadeep.das\\jest-app\\src\\component\\button.js": {"path":"C:\\Users\\soumyadeep.das\\jest-app\\src\\component\\button.js","statementMap":{},"fnMap":{},"branchMap":{},"s":{},"f":{},"b":{}}
,"C:\\Users\\soumyadeep.das\\jest-app\\src\\reducer\\CalculatorReducer.js": {"path":"C:\\Users\\soumyadeep.das\\jest-app\\src\\reducer\\CalculatorReducer.js","statementMap":{"0":{"start":{"line":3,"column":21},"end":{"line":3,"column":31}},"1":{"start":{"line":4,"column":27},"end":{"line":12,"column":1}},"2":{"start":{"line":5,"column":4},"end":{"line":11,"column":5}},"3":{"start":{"line":7,"column":12},"end":{"line":7,"column":51}},"4":{"start":{"line":9,"column":12},"end":{"line":9,"column":51}},"5":{"start":{"line":10,"column":17},"end":{"line":10,"column":34}}},"fnMap":{"0":{"name":"(anonymous_0)","decl":{"start":{"line":4,"column":27},"end":{"line":4,"column":28}},"loc":{"start":{"line":4,"column":58},"end":{"line":12,"column":1}},"line":4}},"branchMap":{"0":{"loc":{"start":{"line":4,"column":28},"end":{"line":4,"column":46}},"type":"default-arg","locations":[{"start":{"line":4,"column":34},"end":{"line":4,"column":46}}],"line":4},"1":{"loc":{"start":{"line":5,"column":4},"end":{"line":11,"column":5}},"type":"switch","locations":[{"start":{"line":6,"column":8},"end":{"line":7,"column":51}},{"start":{"line":8,"column":8},"end":{"line":9,"column":51}},{"start":{"line":10,"column":8},"end":{"line":10,"column":34}}],"line":5}},"s":{"0":1,"1":1,"2":2,"3":1,"4":1,"5":0},"f":{"0":2},"b":{"0":[0],"1":[1,1,0]},"_coverageSchema":"1a1c01bbd47fc00a2c39e90264f33305004495a9","hash":"06b7dbc8464d899f199e86e434177e160fb222d2"}
,"C:\\Users\\soumyadeep.das\\jest-app\\src\\screens\\home.js": {"path":"C:\\Users\\soumyadeep.das\\jest-app\\src\\screens\\home.js","statementMap":{},"fnMap":{},"branchMap":{},"s":{},"f":{},"b":{}}
}
